<?xml version="1.0" encoding="UTF-8"?>
<testsuite xmlns:xsi="http://www.w3.org/2001/XMLSchema-instance" xsi:noNamespaceSchemaLocation="https://maven.apache.org/surefire/maven-surefire-plugin/xsd/surefire-test-report.xsd" name="com.ws.WsSalesApplicationTests" time="5.389" tests="1" errors="0" skipped="0" failures="0">
  <properties>
    <property name="gopherProxySet" value="false"/>
    <property name="awt.toolkit" value="sun.lwawt.macosx.LWCToolkit"/>
    <property name="java.specification.version" value="11"/>
    <property name="sun.cpu.isalist" value=""/>
    <property name="sun.jnu.encoding" value="UTF-8"/>
    <property name="java.class.path" value="/Users/macbookpro/Documents/repositorio_jmd/ws-sales/target/test-classes:/Users/macbookpro/Documents/repositorio_jmd/ws-sales/target/classes:/Users/macbookpro/Developer/repositorio/org/springframework/boot/spring-boot-starter-data-jdbc/2.6.3/spring-boot-starter-data-jdbc-2.6.3.jar:/Users/macbookpro/Developer/repositorio/org/springframework/boot/spring-boot-starter-jdbc/2.6.3/spring-boot-starter-jdbc-2.6.3.jar:/Users/macbookpro/Developer/repositorio/com/zaxxer/HikariCP/4.0.3/HikariCP-4.0.3.jar:/Users/macbookpro/Developer/repositorio/org/springframework/spring-jdbc/5.3.15/spring-jdbc-5.3.15.jar:/Users/macbookpro/Developer/repositorio/org/springframework/data/spring-data-jdbc/2.3.1/spring-data-jdbc-2.3.1.jar:/Users/macbookpro/Developer/repositorio/org/springframework/data/spring-data-relational/2.3.1/spring-data-relational-2.3.1.jar:/Users/macbookpro/Developer/repositorio/org/springframework/data/spring-data-commons/2.6.1/spring-data-commons-2.6.1.jar:/Users/macbookpro/Developer/repositorio/org/springframework/spring-tx/5.3.15/spring-tx-5.3.15.jar:/Users/macbookpro/Developer/repositorio/org/springframework/spring-context/5.3.15/spring-context-5.3.15.jar:/Users/macbookpro/Developer/repositorio/org/springframework/spring-beans/5.3.15/spring-beans-5.3.15.jar:/Users/macbookpro/Developer/repositorio/org/slf4j/slf4j-api/1.7.33/slf4j-api-1.7.33.jar:/Users/macbookpro/Developer/repositorio/org/springframework/boot/spring-boot-starter-security/2.6.3/spring-boot-starter-security-2.6.3.jar:/Users/macbookpro/Developer/repositorio/org/springframework/boot/spring-boot-starter/2.6.3/spring-boot-starter-2.6.3.jar:/Users/macbookpro/Developer/repositorio/org/springframework/boot/spring-boot/2.6.3/spring-boot-2.6.3.jar:/Users/macbookpro/Developer/repositorio/org/springframework/boot/spring-boot-autoconfigure/2.6.3/spring-boot-autoconfigure-2.6.3.jar:/Users/macbookpro/Developer/repositorio/org/springframework/boot/spring-boot-starter-logging/2.6.3/spring-boot-starter-logging-2.6.3.jar:/Users/macbookpro/Developer/repositorio/ch/qos/logback/logback-classic/1.2.10/logback-classic-1.2.10.jar:/Users/macbookpro/Developer/repositorio/ch/qos/logback/logback-core/1.2.10/logback-core-1.2.10.jar:/Users/macbookpro/Developer/repositorio/org/apache/logging/log4j/log4j-to-slf4j/2.17.1/log4j-to-slf4j-2.17.1.jar:/Users/macbookpro/Developer/repositorio/org/apache/logging/log4j/log4j-api/2.17.1/log4j-api-2.17.1.jar:/Users/macbookpro/Developer/repositorio/org/slf4j/jul-to-slf4j/1.7.33/jul-to-slf4j-1.7.33.jar:/Users/macbookpro/Developer/repositorio/jakarta/annotation/jakarta.annotation-api/1.3.5/jakarta.annotation-api-1.3.5.jar:/Users/macbookpro/Developer/repositorio/org/yaml/snakeyaml/1.29/snakeyaml-1.29.jar:/Users/macbookpro/Developer/repositorio/org/springframework/spring-aop/5.3.15/spring-aop-5.3.15.jar:/Users/macbookpro/Developer/repositorio/org/springframework/security/spring-security-config/5.6.1/spring-security-config-5.6.1.jar:/Users/macbookpro/Developer/repositorio/org/springframework/security/spring-security-web/5.6.1/spring-security-web-5.6.1.jar:/Users/macbookpro/Developer/repositorio/org/springframework/spring-expression/5.3.15/spring-expression-5.3.15.jar:/Users/macbookpro/Developer/repositorio/org/springframework/boot/spring-boot-starter-validation/2.6.3/spring-boot-starter-validation-2.6.3.jar:/Users/macbookpro/Developer/repositorio/org/apache/tomcat/embed/tomcat-embed-el/9.0.56/tomcat-embed-el-9.0.56.jar:/Users/macbookpro/Developer/repositorio/org/hibernate/validator/hibernate-validator/6.2.0.Final/hibernate-validator-6.2.0.Final.jar:/Users/macbookpro/Developer/repositorio/jakarta/validation/jakarta.validation-api/2.0.2/jakarta.validation-api-2.0.2.jar:/Users/macbookpro/Developer/repositorio/org/jboss/logging/jboss-logging/3.4.3.Final/jboss-logging-3.4.3.Final.jar:/Users/macbookpro/Developer/repositorio/com/fasterxml/classmate/1.5.1/classmate-1.5.1.jar:/Users/macbookpro/Developer/repositorio/org/springframework/boot/spring-boot-starter-webflux/2.6.3/spring-boot-starter-webflux-2.6.3.jar:/Users/macbookpro/Developer/repositorio/org/springframework/boot/spring-boot-starter-json/2.6.3/spring-boot-starter-json-2.6.3.jar:/Users/macbookpro/Developer/repositorio/com/fasterxml/jackson/core/jackson-databind/2.13.1/jackson-databind-2.13.1.jar:/Users/macbookpro/Developer/repositorio/com/fasterxml/jackson/core/jackson-annotations/2.13.1/jackson-annotations-2.13.1.jar:/Users/macbookpro/Developer/repositorio/com/fasterxml/jackson/core/jackson-core/2.13.1/jackson-core-2.13.1.jar:/Users/macbookpro/Developer/repositorio/com/fasterxml/jackson/datatype/jackson-datatype-jdk8/2.13.1/jackson-datatype-jdk8-2.13.1.jar:/Users/macbookpro/Developer/repositorio/com/fasterxml/jackson/datatype/jackson-datatype-jsr310/2.13.1/jackson-datatype-jsr310-2.13.1.jar:/Users/macbookpro/Developer/repositorio/com/fasterxml/jackson/module/jackson-module-parameter-names/2.13.1/jackson-module-parameter-names-2.13.1.jar:/Users/macbookpro/Developer/repositorio/org/springframework/boot/spring-boot-starter-reactor-netty/2.6.3/spring-boot-starter-reactor-netty-2.6.3.jar:/Users/macbookpro/Developer/repositorio/io/projectreactor/netty/reactor-netty-http/1.0.15/reactor-netty-http-1.0.15.jar:/Users/macbookpro/Developer/repositorio/io/netty/netty-codec-http/4.1.73.Final/netty-codec-http-4.1.73.Final.jar:/Users/macbookpro/Developer/repositorio/io/netty/netty-common/4.1.73.Final/netty-common-4.1.73.Final.jar:/Users/macbookpro/Developer/repositorio/io/netty/netty-buffer/4.1.73.Final/netty-buffer-4.1.73.Final.jar:/Users/macbookpro/Developer/repositorio/io/netty/netty-transport/4.1.73.Final/netty-transport-4.1.73.Final.jar:/Users/macbookpro/Developer/repositorio/io/netty/netty-codec/4.1.73.Final/netty-codec-4.1.73.Final.jar:/Users/macbookpro/Developer/repositorio/io/netty/netty-handler/4.1.73.Final/netty-handler-4.1.73.Final.jar:/Users/macbookpro/Developer/repositorio/io/netty/netty-tcnative-classes/2.0.46.Final/netty-tcnative-classes-2.0.46.Final.jar:/Users/macbookpro/Developer/repositorio/io/netty/netty-codec-http2/4.1.73.Final/netty-codec-http2-4.1.73.Final.jar:/Users/macbookpro/Developer/repositorio/io/netty/netty-resolver-dns/4.1.73.Final/netty-resolver-dns-4.1.73.Final.jar:/Users/macbookpro/Developer/repositorio/io/netty/netty-resolver/4.1.73.Final/netty-resolver-4.1.73.Final.jar:/Users/macbookpro/Developer/repositorio/io/netty/netty-codec-dns/4.1.73.Final/netty-codec-dns-4.1.73.Final.jar:/Users/macbookpro/Developer/repositorio/io/netty/netty-resolver-dns-native-macos/4.1.73.Final/netty-resolver-dns-native-macos-4.1.73.Final-osx-x86_64.jar:/Users/macbookpro/Developer/repositorio/io/netty/netty-resolver-dns-classes-macos/4.1.73.Final/netty-resolver-dns-classes-macos-4.1.73.Final.jar:/Users/macbookpro/Developer/repositorio/io/netty/netty-transport-native-epoll/4.1.73.Final/netty-transport-native-epoll-4.1.73.Final-linux-x86_64.jar:/Users/macbookpro/Developer/repositorio/io/netty/netty-transport-native-unix-common/4.1.73.Final/netty-transport-native-unix-common-4.1.73.Final.jar:/Users/macbookpro/Developer/repositorio/io/netty/netty-transport-classes-epoll/4.1.73.Final/netty-transport-classes-epoll-4.1.73.Final.jar:/Users/macbookpro/Developer/repositorio/io/projectreactor/netty/reactor-netty-core/1.0.15/reactor-netty-core-1.0.15.jar:/Users/macbookpro/Developer/repositorio/io/netty/netty-handler-proxy/4.1.73.Final/netty-handler-proxy-4.1.73.Final.jar:/Users/macbookpro/Developer/repositorio/io/netty/netty-codec-socks/4.1.73.Final/netty-codec-socks-4.1.73.Final.jar:/Users/macbookpro/Developer/repositorio/org/springframework/spring-web/5.3.15/spring-web-5.3.15.jar:/Users/macbookpro/Developer/repositorio/org/springframework/spring-webflux/5.3.15/spring-webflux-5.3.15.jar:/Users/macbookpro/Developer/repositorio/com/h2database/h2/1.4.200/h2-1.4.200.jar:/Users/macbookpro/Developer/repositorio/org/projectlombok/lombok/1.18.22/lombok-1.18.22.jar:/Users/macbookpro/Developer/repositorio/org/springframework/boot/spring-boot-starter-test/2.6.3/spring-boot-starter-test-2.6.3.jar:/Users/macbookpro/Developer/repositorio/org/springframework/boot/spring-boot-test/2.6.3/spring-boot-test-2.6.3.jar:/Users/macbookpro/Developer/repositorio/org/springframework/boot/spring-boot-test-autoconfigure/2.6.3/spring-boot-test-autoconfigure-2.6.3.jar:/Users/macbookpro/Developer/repositorio/com/jayway/jsonpath/json-path/2.6.0/json-path-2.6.0.jar:/Users/macbookpro/Developer/repositorio/net/minidev/json-smart/2.4.7/json-smart-2.4.7.jar:/Users/macbookpro/Developer/repositorio/net/minidev/accessors-smart/2.4.7/accessors-smart-2.4.7.jar:/Users/macbookpro/Developer/repositorio/org/ow2/asm/asm/9.1/asm-9.1.jar:/Users/macbookpro/Developer/repositorio/jakarta/xml/bind/jakarta.xml.bind-api/2.3.3/jakarta.xml.bind-api-2.3.3.jar:/Users/macbookpro/Developer/repositorio/jakarta/activation/jakarta.activation-api/1.2.2/jakarta.activation-api-1.2.2.jar:/Users/macbookpro/Developer/repositorio/org/assertj/assertj-core/3.21.0/assertj-core-3.21.0.jar:/Users/macbookpro/Developer/repositorio/org/hamcrest/hamcrest/2.2/hamcrest-2.2.jar:/Users/macbookpro/Developer/repositorio/org/junit/jupiter/junit-jupiter/5.8.2/junit-jupiter-5.8.2.jar:/Users/macbookpro/Developer/repositorio/org/junit/jupiter/junit-jupiter-api/5.8.2/junit-jupiter-api-5.8.2.jar:/Users/macbookpro/Developer/repositorio/org/opentest4j/opentest4j/1.2.0/opentest4j-1.2.0.jar:/Users/macbookpro/Developer/repositorio/org/junit/platform/junit-platform-commons/1.8.2/junit-platform-commons-1.8.2.jar:/Users/macbookpro/Developer/repositorio/org/apiguardian/apiguardian-api/1.1.2/apiguardian-api-1.1.2.jar:/Users/macbookpro/Developer/repositorio/org/junit/jupiter/junit-jupiter-params/5.8.2/junit-jupiter-params-5.8.2.jar:/Users/macbookpro/Developer/repositorio/org/junit/jupiter/junit-jupiter-engine/5.8.2/junit-jupiter-engine-5.8.2.jar:/Users/macbookpro/Developer/repositorio/org/junit/platform/junit-platform-engine/1.8.2/junit-platform-engine-1.8.2.jar:/Users/macbookpro/Developer/repositorio/org/mockito/mockito-core/4.0.0/mockito-core-4.0.0.jar:/Users/macbookpro/Developer/repositorio/net/bytebuddy/byte-buddy/1.11.22/byte-buddy-1.11.22.jar:/Users/macbookpro/Developer/repositorio/net/bytebuddy/byte-buddy-agent/1.11.22/byte-buddy-agent-1.11.22.jar:/Users/macbookpro/Developer/repositorio/org/objenesis/objenesis/3.2/objenesis-3.2.jar:/Users/macbookpro/Developer/repositorio/org/mockito/mockito-junit-jupiter/4.0.0/mockito-junit-jupiter-4.0.0.jar:/Users/macbookpro/Developer/repositorio/org/skyscreamer/jsonassert/1.5.0/jsonassert-1.5.0.jar:/Users/macbookpro/Developer/repositorio/com/vaadin/external/google/android-json/0.0.20131108.vaadin1/android-json-0.0.20131108.vaadin1.jar:/Users/macbookpro/Developer/repositorio/org/springframework/spring-core/5.3.15/spring-core-5.3.15.jar:/Users/macbookpro/Developer/repositorio/org/springframework/spring-jcl/5.3.15/spring-jcl-5.3.15.jar:/Users/macbookpro/Developer/repositorio/org/springframework/spring-test/5.3.15/spring-test-5.3.15.jar:/Users/macbookpro/Developer/repositorio/org/xmlunit/xmlunit-core/2.8.4/xmlunit-core-2.8.4.jar:/Users/macbookpro/Developer/repositorio/io/projectreactor/reactor-test/3.4.14/reactor-test-3.4.14.jar:/Users/macbookpro/Developer/repositorio/io/projectreactor/reactor-core/3.4.14/reactor-core-3.4.14.jar:/Users/macbookpro/Developer/repositorio/org/reactivestreams/reactive-streams/1.0.3/reactive-streams-1.0.3.jar:/Users/macbookpro/Developer/repositorio/org/springframework/security/spring-security-test/5.6.1/spring-security-test-5.6.1.jar:/Users/macbookpro/Developer/repositorio/org/springframework/security/spring-security-core/5.6.1/spring-security-core-5.6.1.jar:/Users/macbookpro/Developer/repositorio/org/springframework/security/spring-security-crypto/5.6.1/spring-security-crypto-5.6.1.jar:"/>
    <property name="java.vm.vendor" value="Oracle Corporation"/>
    <property name="sun.arch.data.model" value="64"/>
    <property name="java.vendor.url" value="https://openjdk.java.net/"/>
    <property name="user.timezone" value=""/>
    <property name="java.vm.specification.version" value="11"/>
    <property name="os.name" value="Mac OS X"/>
    <property name="sun.java.launcher" value="SUN_STANDARD"/>
    <property name="user.country" value="419"/>
    <property name="sun.boot.library.path" value="/Users/macbookpro/Developer/jdk11/Contents/Home/lib"/>
    <property name="sun.java.command" value="/Users/macbookpro/Documents/repositorio_jmd/ws-sales/target/surefire/surefirebooter4937506254512428539.jar /Users/macbookpro/Documents/repositorio_jmd/ws-sales/target/surefire 2022-01-24T09-04-18_330-jvmRun1 surefire12849605529469471824tmp surefire_018346408572589989516tmp"/>
    <property name="http.nonProxyHosts" value="local|*.local|169.254/16|*.169.254/16"/>
    <property name="jdk.debug" value="release"/>
    <property name="surefire.test.class.path" value="/Users/macbookpro/Documents/repositorio_jmd/ws-sales/target/test-classes:/Users/macbookpro/Documents/repositorio_jmd/ws-sales/target/classes:/Users/macbookpro/Developer/repositorio/org/springframework/boot/spring-boot-starter-data-jdbc/2.6.3/spring-boot-starter-data-jdbc-2.6.3.jar:/Users/macbookpro/Developer/repositorio/org/springframework/boot/spring-boot-starter-jdbc/2.6.3/spring-boot-starter-jdbc-2.6.3.jar:/Users/macbookpro/Developer/repositorio/com/zaxxer/HikariCP/4.0.3/HikariCP-4.0.3.jar:/Users/macbookpro/Developer/repositorio/org/springframework/spring-jdbc/5.3.15/spring-jdbc-5.3.15.jar:/Users/macbookpro/Developer/repositorio/org/springframework/data/spring-data-jdbc/2.3.1/spring-data-jdbc-2.3.1.jar:/Users/macbookpro/Developer/repositorio/org/springframework/data/spring-data-relational/2.3.1/spring-data-relational-2.3.1.jar:/Users/macbookpro/Developer/repositorio/org/springframework/data/spring-data-commons/2.6.1/spring-data-commons-2.6.1.jar:/Users/macbookpro/Developer/repositorio/org/springframework/spring-tx/5.3.15/spring-tx-5.3.15.jar:/Users/macbookpro/Developer/repositorio/org/springframework/spring-context/5.3.15/spring-context-5.3.15.jar:/Users/macbookpro/Developer/repositorio/org/springframework/spring-beans/5.3.15/spring-beans-5.3.15.jar:/Users/macbookpro/Developer/repositorio/org/slf4j/slf4j-api/1.7.33/slf4j-api-1.7.33.jar:/Users/macbookpro/Developer/repositorio/org/springframework/boot/spring-boot-starter-security/2.6.3/spring-boot-starter-security-2.6.3.jar:/Users/macbookpro/Developer/repositorio/org/springframework/boot/spring-boot-starter/2.6.3/spring-boot-starter-2.6.3.jar:/Users/macbookpro/Developer/repositorio/org/springframework/boot/spring-boot/2.6.3/spring-boot-2.6.3.jar:/Users/macbookpro/Developer/repositorio/org/springframework/boot/spring-boot-autoconfigure/2.6.3/spring-boot-autoconfigure-2.6.3.jar:/Users/macbookpro/Developer/repositorio/org/springframework/boot/spring-boot-starter-logging/2.6.3/spring-boot-starter-logging-2.6.3.jar:/Users/macbookpro/Developer/repositorio/ch/qos/logback/logback-classic/1.2.10/logback-classic-1.2.10.jar:/Users/macbookpro/Developer/repositorio/ch/qos/logback/logback-core/1.2.10/logback-core-1.2.10.jar:/Users/macbookpro/Developer/repositorio/org/apache/logging/log4j/log4j-to-slf4j/2.17.1/log4j-to-slf4j-2.17.1.jar:/Users/macbookpro/Developer/repositorio/org/apache/logging/log4j/log4j-api/2.17.1/log4j-api-2.17.1.jar:/Users/macbookpro/Developer/repositorio/org/slf4j/jul-to-slf4j/1.7.33/jul-to-slf4j-1.7.33.jar:/Users/macbookpro/Developer/repositorio/jakarta/annotation/jakarta.annotation-api/1.3.5/jakarta.annotation-api-1.3.5.jar:/Users/macbookpro/Developer/repositorio/org/yaml/snakeyaml/1.29/snakeyaml-1.29.jar:/Users/macbookpro/Developer/repositorio/org/springframework/spring-aop/5.3.15/spring-aop-5.3.15.jar:/Users/macbookpro/Developer/repositorio/org/springframework/security/spring-security-config/5.6.1/spring-security-config-5.6.1.jar:/Users/macbookpro/Developer/repositorio/org/springframework/security/spring-security-web/5.6.1/spring-security-web-5.6.1.jar:/Users/macbookpro/Developer/repositorio/org/springframework/spring-expression/5.3.15/spring-expression-5.3.15.jar:/Users/macbookpro/Developer/repositorio/org/springframework/boot/spring-boot-starter-validation/2.6.3/spring-boot-starter-validation-2.6.3.jar:/Users/macbookpro/Developer/repositorio/org/apache/tomcat/embed/tomcat-embed-el/9.0.56/tomcat-embed-el-9.0.56.jar:/Users/macbookpro/Developer/repositorio/org/hibernate/validator/hibernate-validator/6.2.0.Final/hibernate-validator-6.2.0.Final.jar:/Users/macbookpro/Developer/repositorio/jakarta/validation/jakarta.validation-api/2.0.2/jakarta.validation-api-2.0.2.jar:/Users/macbookpro/Developer/repositorio/org/jboss/logging/jboss-logging/3.4.3.Final/jboss-logging-3.4.3.Final.jar:/Users/macbookpro/Developer/repositorio/com/fasterxml/classmate/1.5.1/classmate-1.5.1.jar:/Users/macbookpro/Developer/repositorio/org/springframework/boot/spring-boot-starter-webflux/2.6.3/spring-boot-starter-webflux-2.6.3.jar:/Users/macbookpro/Developer/repositorio/org/springframework/boot/spring-boot-starter-json/2.6.3/spring-boot-starter-json-2.6.3.jar:/Users/macbookpro/Developer/repositorio/com/fasterxml/jackson/core/jackson-databind/2.13.1/jackson-databind-2.13.1.jar:/Users/macbookpro/Developer/repositorio/com/fasterxml/jackson/core/jackson-annotations/2.13.1/jackson-annotations-2.13.1.jar:/Users/macbookpro/Developer/repositorio/com/fasterxml/jackson/core/jackson-core/2.13.1/jackson-core-2.13.1.jar:/Users/macbookpro/Developer/repositorio/com/fasterxml/jackson/datatype/jackson-datatype-jdk8/2.13.1/jackson-datatype-jdk8-2.13.1.jar:/Users/macbookpro/Developer/repositorio/com/fasterxml/jackson/datatype/jackson-datatype-jsr310/2.13.1/jackson-datatype-jsr310-2.13.1.jar:/Users/macbookpro/Developer/repositorio/com/fasterxml/jackson/module/jackson-module-parameter-names/2.13.1/jackson-module-parameter-names-2.13.1.jar:/Users/macbookpro/Developer/repositorio/org/springframework/boot/spring-boot-starter-reactor-netty/2.6.3/spring-boot-starter-reactor-netty-2.6.3.jar:/Users/macbookpro/Developer/repositorio/io/projectreactor/netty/reactor-netty-http/1.0.15/reactor-netty-http-1.0.15.jar:/Users/macbookpro/Developer/repositorio/io/netty/netty-codec-http/4.1.73.Final/netty-codec-http-4.1.73.Final.jar:/Users/macbookpro/Developer/repositorio/io/netty/netty-common/4.1.73.Final/netty-common-4.1.73.Final.jar:/Users/macbookpro/Developer/repositorio/io/netty/netty-buffer/4.1.73.Final/netty-buffer-4.1.73.Final.jar:/Users/macbookpro/Developer/repositorio/io/netty/netty-transport/4.1.73.Final/netty-transport-4.1.73.Final.jar:/Users/macbookpro/Developer/repositorio/io/netty/netty-codec/4.1.73.Final/netty-codec-4.1.73.Final.jar:/Users/macbookpro/Developer/repositorio/io/netty/netty-handler/4.1.73.Final/netty-handler-4.1.73.Final.jar:/Users/macbookpro/Developer/repositorio/io/netty/netty-tcnative-classes/2.0.46.Final/netty-tcnative-classes-2.0.46.Final.jar:/Users/macbookpro/Developer/repositorio/io/netty/netty-codec-http2/4.1.73.Final/netty-codec-http2-4.1.73.Final.jar:/Users/macbookpro/Developer/repositorio/io/netty/netty-resolver-dns/4.1.73.Final/netty-resolver-dns-4.1.73.Final.jar:/Users/macbookpro/Developer/repositorio/io/netty/netty-resolver/4.1.73.Final/netty-resolver-4.1.73.Final.jar:/Users/macbookpro/Developer/repositorio/io/netty/netty-codec-dns/4.1.73.Final/netty-codec-dns-4.1.73.Final.jar:/Users/macbookpro/Developer/repositorio/io/netty/netty-resolver-dns-native-macos/4.1.73.Final/netty-resolver-dns-native-macos-4.1.73.Final-osx-x86_64.jar:/Users/macbookpro/Developer/repositorio/io/netty/netty-resolver-dns-classes-macos/4.1.73.Final/netty-resolver-dns-classes-macos-4.1.73.Final.jar:/Users/macbookpro/Developer/repositorio/io/netty/netty-transport-native-epoll/4.1.73.Final/netty-transport-native-epoll-4.1.73.Final-linux-x86_64.jar:/Users/macbookpro/Developer/repositorio/io/netty/netty-transport-native-unix-common/4.1.73.Final/netty-transport-native-unix-common-4.1.73.Final.jar:/Users/macbookpro/Developer/repositorio/io/netty/netty-transport-classes-epoll/4.1.73.Final/netty-transport-classes-epoll-4.1.73.Final.jar:/Users/macbookpro/Developer/repositorio/io/projectreactor/netty/reactor-netty-core/1.0.15/reactor-netty-core-1.0.15.jar:/Users/macbookpro/Developer/repositorio/io/netty/netty-handler-proxy/4.1.73.Final/netty-handler-proxy-4.1.73.Final.jar:/Users/macbookpro/Developer/repositorio/io/netty/netty-codec-socks/4.1.73.Final/netty-codec-socks-4.1.73.Final.jar:/Users/macbookpro/Developer/repositorio/org/springframework/spring-web/5.3.15/spring-web-5.3.15.jar:/Users/macbookpro/Developer/repositorio/org/springframework/spring-webflux/5.3.15/spring-webflux-5.3.15.jar:/Users/macbookpro/Developer/repositorio/com/h2database/h2/1.4.200/h2-1.4.200.jar:/Users/macbookpro/Developer/repositorio/org/projectlombok/lombok/1.18.22/lombok-1.18.22.jar:/Users/macbookpro/Developer/repositorio/org/springframework/boot/spring-boot-starter-test/2.6.3/spring-boot-starter-test-2.6.3.jar:/Users/macbookpro/Developer/repositorio/org/springframework/boot/spring-boot-test/2.6.3/spring-boot-test-2.6.3.jar:/Users/macbookpro/Developer/repositorio/org/springframework/boot/spring-boot-test-autoconfigure/2.6.3/spring-boot-test-autoconfigure-2.6.3.jar:/Users/macbookpro/Developer/repositorio/com/jayway/jsonpath/json-path/2.6.0/json-path-2.6.0.jar:/Users/macbookpro/Developer/repositorio/net/minidev/json-smart/2.4.7/json-smart-2.4.7.jar:/Users/macbookpro/Developer/repositorio/net/minidev/accessors-smart/2.4.7/accessors-smart-2.4.7.jar:/Users/macbookpro/Developer/repositorio/org/ow2/asm/asm/9.1/asm-9.1.jar:/Users/macbookpro/Developer/repositorio/jakarta/xml/bind/jakarta.xml.bind-api/2.3.3/jakarta.xml.bind-api-2.3.3.jar:/Users/macbookpro/Developer/repositorio/jakarta/activation/jakarta.activation-api/1.2.2/jakarta.activation-api-1.2.2.jar:/Users/macbookpro/Developer/repositorio/org/assertj/assertj-core/3.21.0/assertj-core-3.21.0.jar:/Users/macbookpro/Developer/repositorio/org/hamcrest/hamcrest/2.2/hamcrest-2.2.jar:/Users/macbookpro/Developer/repositorio/org/junit/jupiter/junit-jupiter/5.8.2/junit-jupiter-5.8.2.jar:/Users/macbookpro/Developer/repositorio/org/junit/jupiter/junit-jupiter-api/5.8.2/junit-jupiter-api-5.8.2.jar:/Users/macbookpro/Developer/repositorio/org/opentest4j/opentest4j/1.2.0/opentest4j-1.2.0.jar:/Users/macbookpro/Developer/repositorio/org/junit/platform/junit-platform-commons/1.8.2/junit-platform-commons-1.8.2.jar:/Users/macbookpro/Developer/repositorio/org/apiguardian/apiguardian-api/1.1.2/apiguardian-api-1.1.2.jar:/Users/macbookpro/Developer/repositorio/org/junit/jupiter/junit-jupiter-params/5.8.2/junit-jupiter-params-5.8.2.jar:/Users/macbookpro/Developer/repositorio/org/junit/jupiter/junit-jupiter-engine/5.8.2/junit-jupiter-engine-5.8.2.jar:/Users/macbookpro/Developer/repositorio/org/junit/platform/junit-platform-engine/1.8.2/junit-platform-engine-1.8.2.jar:/Users/macbookpro/Developer/repositorio/org/mockito/mockito-core/4.0.0/mockito-core-4.0.0.jar:/Users/macbookpro/Developer/repositorio/net/bytebuddy/byte-buddy/1.11.22/byte-buddy-1.11.22.jar:/Users/macbookpro/Developer/repositorio/net/bytebuddy/byte-buddy-agent/1.11.22/byte-buddy-agent-1.11.22.jar:/Users/macbookpro/Developer/repositorio/org/objenesis/objenesis/3.2/objenesis-3.2.jar:/Users/macbookpro/Developer/repositorio/org/mockito/mockito-junit-jupiter/4.0.0/mockito-junit-jupiter-4.0.0.jar:/Users/macbookpro/Developer/repositorio/org/skyscreamer/jsonassert/1.5.0/jsonassert-1.5.0.jar:/Users/macbookpro/Developer/repositorio/com/vaadin/external/google/android-json/0.0.20131108.vaadin1/android-json-0.0.20131108.vaadin1.jar:/Users/macbookpro/Developer/repositorio/org/springframework/spring-core/5.3.15/spring-core-5.3.15.jar:/Users/macbookpro/Developer/repositorio/org/springframework/spring-jcl/5.3.15/spring-jcl-5.3.15.jar:/Users/macbookpro/Developer/repositorio/org/springframework/spring-test/5.3.15/spring-test-5.3.15.jar:/Users/macbookpro/Developer/repositorio/org/xmlunit/xmlunit-core/2.8.4/xmlunit-core-2.8.4.jar:/Users/macbookpro/Developer/repositorio/io/projectreactor/reactor-test/3.4.14/reactor-test-3.4.14.jar:/Users/macbookpro/Developer/repositorio/io/projectreactor/reactor-core/3.4.14/reactor-core-3.4.14.jar:/Users/macbookpro/Developer/repositorio/org/reactivestreams/reactive-streams/1.0.3/reactive-streams-1.0.3.jar:/Users/macbookpro/Developer/repositorio/org/springframework/security/spring-security-test/5.6.1/spring-security-test-5.6.1.jar:/Users/macbookpro/Developer/repositorio/org/springframework/security/spring-security-core/5.6.1/spring-security-core-5.6.1.jar:/Users/macbookpro/Developer/repositorio/org/springframework/security/spring-security-crypto/5.6.1/spring-security-crypto-5.6.1.jar:"/>
    <property name="sun.cpu.endian" value="little"/>
    <property name="user.home" value="/Users/macbookpro"/>
    <property name="user.language" value="es"/>
    <property name="java.specification.vendor" value="Oracle Corporation"/>
    <property name="java.version.date" value="2021-07-20"/>
    <property name="java.home" value="/Users/macbookpro/Developer/jdk11/Contents/Home"/>
    <property name="file.separator" value="/"/>
    <property name="basedir" value="/Users/macbookpro/Documents/repositorio_jmd/ws-sales"/>
    <property name="java.vm.compressedOopsMode" value="Zero based"/>
    <property name="line.separator" value="&#10;"/>
    <property name="java.specification.name" value="Java Platform API Specification"/>
    <property name="java.vm.specification.vendor" value="Oracle Corporation"/>
    <property name="java.awt.graphicsenv" value="sun.awt.CGraphicsEnvironment"/>
    <property name="surefire.real.class.path" value="/Users/macbookpro/Documents/repositorio_jmd/ws-sales/target/surefire/surefirebooter4937506254512428539.jar"/>
    <property name="sun.management.compiler" value="HotSpot 64-Bit Tiered Compilers"/>
    <property name="ftp.nonProxyHosts" value="local|*.local|169.254/16|*.169.254/16"/>
    <property name="java.runtime.version" value="11.0.12+8-LTS-237"/>
    <property name="user.name" value="macbookpro"/>
    <property name="path.separator" value=":"/>
    <property name="os.version" value="11.1"/>
    <property name="java.runtime.name" value="Java(TM) SE Runtime Environment"/>
    <property name="file.encoding" value="US-ASCII"/>
    <property name="java.vm.name" value="Java HotSpot(TM) 64-Bit Server VM"/>
    <property name="java.vendor.version" value="18.9"/>
    <property name="localRepository" value="/Users/macbookpro/Developer/repositorio"/>
    <property name="java.vendor.url.bug" value="https://bugreport.java.com/bugreport/"/>
    <property name="java.io.tmpdir" value="/var/folders/qm/54f8r4bs7858b9q_11nkb2z80000gn/T/"/>
    <property name="java.version" value="11.0.12"/>
    <property name="user.dir" value="/Users/macbookpro/Documents/repositorio_jmd/ws-sales"/>
    <property name="os.arch" value="x86_64"/>
    <property name="java.vm.specification.name" value="Java Virtual Machine Specification"/>
    <property name="java.awt.printerjob" value="sun.lwawt.macosx.CPrinterJob"/>
    <property name="sun.os.patch.level" value="unknown"/>
    <property name="java.library.path" value="/Users/macbookpro/Library/Java/Extensions:/Library/Java/Extensions:/Network/Library/Java/Extensions:/System/Library/Java/Extensions:/usr/lib/java:."/>
    <property name="java.vendor" value="Oracle Corporation"/>
    <property name="java.vm.info" value="mixed mode"/>
    <property name="java.vm.version" value="11.0.12+8-LTS-237"/>
    <property name="sun.io.unicode.encoding" value="UnicodeBig"/>
    <property name="java.class.version" value="55.0"/>
    <property name="socksNonProxyHosts" value="local|*.local|169.254/16|*.169.254/16"/>
  </properties>
  <testcase name="contextLoads" classname="com.ws.WsSalesApplicationTests" time="0.376"/>
</testsuite>